/*C38*/SET SCHEMA PUBLIC
create table TEMP_TABLE (column1 int not null)
create index ix_temp on TEMP_TABLE (column1)
alter table TEMP_TABLE add column2 int
INSERT INTO TEMP_TABLE VALUES(1,1)
COMMIT
DELETE FROM TEMP_TABLE WHERE COLUMN1=1 AND COLUMN2=1
INSERT INTO TEMP_TABLE VALUES(1,2)
COMMIT
DELETE FROM TEMP_TABLE WHERE COLUMN1=1 AND COLUMN2=2
COMMIT
drop table TEMP_TABLE
DELETE FROM OAUTH2APPLICATION WHERE OAUTH2APPLICATIONID=301
INSERT INTO OAUTH2APPLICATION VALUES('ed4baf6a-12fb-5bfc-2520-b3a36ec565ce','clarity-distributor-mgmt-batch-oauth-application-headless-server',301,16796623585306,20095,'20095','2025-05-08 02:06:49.490000','2026-04-08 12:46:01.609000',301,'CLIENT_CREDENTIALS,JWT_BEARER','client_secret_post',20386,'default-service-account','id-3dbde9bb-1360-bfd7-eae7-2cd1a37ac3',4,'secret-f1953715-827b-4368-a536-c8643413fc',NULL,'token.introspection','http://localhost:8080',0,NULL,'Clarity Distributor Mgmt Batch OAuth Application Headless Server',NULL,NULL,'0','1')
COMMIT
DELETE FROM OAUTH2APPLICATION WHERE OAUTH2APPLICATIONID=202
INSERT INTO OAUTH2APPLICATION VALUES('0c743262-f622-f811-21ba-2c155d37bc44','liferay-clarity-batch-oauth-application-headless-server',202,16796623585306,20095,'20095','2024-08-19 16:23:54.012000','2026-04-08 12:46:01.981000',203,'CLIENT_CREDENTIALS,JWT_BEARER','client_secret_post',20122,'clarityadmin','id-b0a4aee3-7765-8fab-95a3-82897d6256b',4,'secret-e96a9bc4-bd84-cf82-def1-971030ab4e32',NULL,'token.introspection','http://localhost:8080',0,NULL,'Liferay Clarity Batch OAuth Application Headless Server',NULL,NULL,'0','1')
COMMIT
DELETE FROM OAUTH2APPLICATION WHERE OAUTH2APPLICATIONID=401
INSERT INTO OAUTH2APPLICATION VALUES('67caa0e1-4d09-984c-26b1-a85d246aba87','liferay-clarity-etc-spring-boot-oauth-application-user-agent',401,16796623585306,20095,'20095','2025-05-22 22:09:02.005000','2026-04-08 12:46:02.003000',401,'AUTHORIZATION_CODE_PKCE,JWT_BEARER','none',20095,'20095','id-f9f44ba4-b1fc-1256-e72f-ac4c9a622e2',2,NULL,NULL,'token.introspection','http://localhost:58081',0,NULL,'Liferay Clarity Etc Spring Boot OAuth Application User Agent',NULL,'@protocol@://www.solucionesdeclaridad.com@port-with-colon@/o/oauth2/redirect\u000a@protocol@://www.clarityvisionsolutions.com@port-with-colon@/o/oauth2/redirect\u000a@protocol@://localhost@port-with-colon@/o/oauth2/redirect','0','1')
COMMIT
/*C52*/SET SCHEMA PUBLIC
DISCONNECT
/*C59*/SET SCHEMA PUBLIC
DISCONNECT
/*C55*/SET SCHEMA PUBLIC
DISCONNECT
/*C51*/SET SCHEMA PUBLIC
DISCONNECT
/*C53*/SET SCHEMA PUBLIC
DISCONNECT
/*C57*/SET SCHEMA PUBLIC
DISCONNECT
/*C54*/SET SCHEMA PUBLIC
DISCONNECT
/*C56*/SET SCHEMA PUBLIC
DISCONNECT
/*C50*/SET SCHEMA PUBLIC
DISCONNECT
/*C44*/SET SCHEMA PUBLIC
DISCONNECT
/*C48*/SET SCHEMA PUBLIC
DISCONNECT
/*C49*/SET SCHEMA PUBLIC
DISCONNECT
/*C58*/SET SCHEMA PUBLIC
DISCONNECT
/*C40*/SET SCHEMA PUBLIC
DISCONNECT
/*C45*/SET SCHEMA PUBLIC
DISCONNECT
/*C39*/SET SCHEMA PUBLIC
DISCONNECT
/*C43*/SET SCHEMA PUBLIC
DISCONNECT
/*C42*/SET SCHEMA PUBLIC
DISCONNECT
/*C38*/DISCONNECT
/*C47*/SET SCHEMA PUBLIC
DISCONNECT
/*C46*/SET SCHEMA PUBLIC
DISCONNECT
/*C41*/SET SCHEMA PUBLIC
DISCONNECT
